<?xml version="1.0" encoding="UTF-8"?>
<testsuite errors="0" failures="0" name="LAVerifyLegend.Verify_Legend_Data-20171102145132" skipped="0" tests="1" time="17.333">
	<testcase classname="LAVerifyLegend.Verify_Legend_Data" name="test_Legend_Data_Text" time="17.333"/>
	<system-out>
<![CDATA[]]>	</system-out>
	<system-err>
<![CDATA[]]>	</system-err>
</testsuite>
